{
  "stats": {
    "suites": 1,
    "tests": 1,
    "passes": 1,
    "pending": 0,
    "failures": 0,
    "start": "2021-12-04T11:12:28.522Z",
    "end": "2021-12-04T11:12:35.957Z",
    "duration": 7435,
    "testsRegistered": 1,
    "passPercent": 100,
    "pendingPercent": 0,
    "other": 0,
    "hasOther": false,
    "skipped": 0,
    "hasSkipped": false
  },
  "results": [
    {
      "uuid": "9902d5a9-afe8-4a37-8b5e-c13a2e89ea53",
      "title": "",
      "fullFile": "cypress/integration/cadastro.spec.js",
      "file": "cypress/integration/cadastro.spec.js",
      "beforeHooks": [],
      "afterHooks": [],
      "tests": [],
      "suites": [
        {
          "uuid": "bb877b89-a2d4-49db-b867-8e3293129529",
          "title": "Cadastro",
          "fullFile": "",
          "file": "",
          "beforeHooks": [],
          "afterHooks": [],
          "tests": [
            {
              "title": "Quando eu informar os dados e finalizar, então o cadastro deve ser efetuado",
              "fullTitle": "Cadastro Quando eu informar os dados e finalizar, então o cadastro deve ser efetuado",
              "timedOut": null,
              "duration": 7227,
              "state": "passed",
              "speed": "medium",
              "pass": true,
              "fail": false,
              "pending": false,
              "context": null,
              "code": "cy.visit(\"/\"); // Input \ncy.get('input[name=firstName]').type(chance.first());\ncy.get('input[name=lastName]').type(chance.last());\ncy.get('textarea[name=adress]').type(chance.address());\ncy.get('input[name=emailAdress]').type(chance.email()); // ChechBox e RadioButton \n// cy.get('input[value=f]').check() --> Opção de fazer \ncy.get('input[name=radioGender]').check('f');\ncy.get('input[type=checkbox]').check('Netflix');\ncy.get('input[type=checkbox]').check('Dormir'); // Combobox \ncy.get('select#countries').select('Nova Zelandia', {\n  force: true\n});\ncy.get('select#years').select('1997', {\n  force: true\n});\ncy.get('select#months').select('Janeiro', {\n  force: true\n});\ncy.get('select#days').select('16', {\n  force: true\n});\ncy.get('input#firstpassword').type('Teste@123');\ncy.get('input#secondpassword').type('Teste@123');\ncy.get('button#submitbtn').click(); //  cy.contains('Finalizar Cadastro') --> Outra forma \ncy.url().should('contain', 'listagem');",
              "err": {},
              "uuid": "67109087-3f91-4ee9-9119-8fea91924f10",
              "parentUUID": "bb877b89-a2d4-49db-b867-8e3293129529",
              "isHook": false,
              "skipped": false
            }
          ],
          "suites": [],
          "passes": [
            "67109087-3f91-4ee9-9119-8fea91924f10"
          ],
          "failures": [],
          "pending": [],
          "skipped": [],
          "duration": 7227,
          "root": false,
          "rootEmpty": false,
          "_timeout": 2000
        }
      ],
      "passes": [],
      "failures": [],
      "pending": [],
      "skipped": [],
      "duration": 0,
      "root": true,
      "rootEmpty": true,
      "_timeout": 2000
    }
  ],
  "meta": {
    "mocha": {
      "version": "7.0.1"
    },
    "mochawesome": {
      "options": {
        "quiet": true,
        "reportFilename": "mochawesome",
        "saveHtml": false,
        "saveJson": true,
        "consoleReporter": "spec",
        "useInlineDiffs": false,
        "code": true
      },
      "version": "7.0.1"
    },
    "marge": {
      "options": {
        "id": "default",
        "reportDir": "mochawesome-report",
        "quiet": true,
        "overwrite": false,
        "html": false,
        "json": true
      },
      "version": "6.0.1"
    }
  }
}